running
Thomas_Hair
Richard_Rodd
Barthélemy_Hauréau
Benny_Benson
Denis_Vasilkin
Douglas_Stuart
Hans_Gulbranson
multiprocessing.pool.RemoteTraceback: 
"""
Traceback (most recent call last):
  File "/Library/Frameworks/Python.framework/Versions/3.5/lib/python3.5/multiprocessing/pool.py", line 119, in worker
    result = (True, func(*args, **kwds))
  File "/Library/Frameworks/Python.framework/Versions/3.5/lib/python3.5/multiprocessing/pool.py", line 44, in mapstar
    return list(map(*args))
  File "CreateArticleFile.py", line 25, in getArticleForPerson
    curr_article_text += p_tag.text
  File "/Library/Frameworks/Python.framework/Versions/3.5/lib/python3.5/site-packages/selenium/webdriver/remote/webelement.py", line 76, in text
    return self._execute(Command.GET_ELEMENT_TEXT)['value']
  File "/Library/Frameworks/Python.framework/Versions/3.5/lib/python3.5/site-packages/selenium/webdriver/remote/webelement.py", line 628, in _execute
    return self._parent.execute(command, params)
  File "/Library/Frameworks/Python.framework/Versions/3.5/lib/python3.5/site-packages/selenium/webdriver/remote/webdriver.py", line 318, in execute
    response = self.command_executor.execute(driver_command, params)
  File "/Library/Frameworks/Python.framework/Versions/3.5/lib/python3.5/site-packages/selenium/webdriver/remote/remote_connection.py", line 472, in execute
    return self._request(command_info[0], url, body=data)
  File "/Library/Frameworks/Python.framework/Versions/3.5/lib/python3.5/site-packages/selenium/webdriver/remote/remote_connection.py", line 496, in _request
    resp = self._conn.getresponse()
  File "/Library/Frameworks/Python.framework/Versions/3.5/lib/python3.5/http/client.py", line 1197, in getresponse
    response.begin()
  File "/Library/Frameworks/Python.framework/Versions/3.5/lib/python3.5/http/client.py", line 297, in begin
    version, status, reason = self._read_status()
  File "/Library/Frameworks/Python.framework/Versions/3.5/lib/python3.5/http/client.py", line 258, in _read_status
    line = str(self.fp.readline(_MAXLINE + 1), "iso-8859-1")
  File "/Library/Frameworks/Python.framework/Versions/3.5/lib/python3.5/socket.py", line 575, in readinto
    return self._sock.recv_into(b)
ConnectionResetError: [Errno 54] Connection reset by peer
"""

The above exception was the direct cause of the following exception:

Traceback (most recent call last):
  File "CreateArticleFile.py", line 48, in <module>
    createArticlesFile(sys.argv[1],sys.argv[2])
  File "CreateArticleFile.py", line 42, in createArticlesFile
    for result in p.map(getArticleForPerson, names):
  File "/Library/Frameworks/Python.framework/Versions/3.5/lib/python3.5/multiprocessing/pool.py", line 260, in map
    return self._map_async(func, iterable, mapstar, chunksize).get()
  File "/Library/Frameworks/Python.framework/Versions/3.5/lib/python3.5/multiprocessing/pool.py", line 608, in get
    raise self._value
ConnectionResetError: [Errno 54] Connection reset by peer
John_Mallet
Wilf_Atkinson
Deni_Lušić
Ralph_C._Thompson
Frank_Cochrane
William_Jackson_Conroy
Leonard_Rapping
Tom_Luna
Chris_Innes
Svante_Janson
Billy_Armfield
Igor_Neuchev
Albert_B._Cummins
Abdolnabi_Namazi
Malte_Spitz
Danny_Cedrone
Martin_Joos
Curtis_Jerrells
Brent_Miles
Liam_Keogh
Helmut_Ruetz
Robin_Popplestone
Ceretic_of_Elmet
Neil_Langman
Jack_McCauley
Robert_Wilks
Paul_Guay
John_Smoke_Johnson
Bunny_Breckinridge
Vernon_Prins
Barend_Joseph_Stokvis
Darashaw_Nosherwan_Wadia
Norman_McKinnel
Edgar_Leopold_Layard
Nikolay_Shopov
Louis_Luckins
Garrett_Hammond
John_Chang_Yik
Paul_A._Engelmayer
Joichiro_Tatsuyoshi
William_Millton
Francis_Bermingham
Gabriel_Auphan
running
Thomas_Hair
Richard_Rodd
Barthélemy_Hauréau
Benny_Benson
Denis_Vasilkin
Douglas_Stuart
Hans_Gulbranson
John_Mallet
Wilf_Atkinson
Deni_Lušić
Ralph_C._Thompson
Frank_Cochrane
William_Jackson_Conroy
Leonard_Rapping
Tom_Luna
Chris_Innes
Svante_Janson
Billy_Armfield
Igor_Neuchev
Albert_B._Cummins
Abdolnabi_Namazi
Malte_Spitz
Danny_Cedrone
Martin_Joos
Curtis_Jerrells
Brent_Miles
Liam_Keogh
Helmut_Ruetz
Robin_Popplestone
Ceretic_of_Elmet
Neil_Langman
Jack_McCauley
Robert_Wilks
Paul_Guay
John_Smoke_Johnson
Bunny_Breckinridge
Vernon_Prins
Barend_Joseph_Stokvis
Darashaw_Nosherwan_Wadia
Norman_McKinnel
Edgar_Leopold_Layard
Nikolay_Shopov
Louis_Luckins
Garrett_Hammond
John_Chang_Yik
Paul_A._Engelmayer
Joichiro_Tatsuyoshi
William_Millton
Francis_Bermingham
Gabriel_Auphan
